<?xml version="1.0" encoding="UTF-8"?>
<testng-results ignored="0" total="2" passed="2" failed="0" skipped="0">
  <reporter-output>
  </reporter-output>
  <suite started-at="2024-10-26T12:34:26 IST" name="Default suite" finished-at="2024-10-26T12:35:25 IST" duration-ms="59417">
    <groups>
      <group name="cucumber">
        <method signature="AbstractTestNGCucumberTests.runScenario(io.cucumber.testng.PickleWrapper,io.cucumber.testng.FeatureWrapper)[pri:0, instance:testcases.TC_002_CreateLeadPage@5e2c3d18]" name="runScenario" class="io.cucumber.testng.AbstractTestNGCucumberTests"/>
      </group> <!-- cucumber -->
    </groups>
    <test started-at="2024-10-26T12:34:26 IST" name="Default test" finished-at="2024-10-26T12:35:25 IST" duration-ms="59417">
      <class name="testcases.TC_002_CreateLeadPage">
        <test-method is-config="true" signature="startReport()[pri:0, instance:testcases.TC_002_CreateLeadPage@5e2c3d18]" started-at="2024-10-26T12:34:26 IST" name="startReport" finished-at="2024-10-26T12:34:26 IST" duration-ms="410" status="PASS">
          <reporter-output>
          </reporter-output>
        </test-method> <!-- startReport -->
        <test-method is-config="true" signature="setData()[pri:0, instance:testcases.TC_002_CreateLeadPage@5e2c3d18]" started-at="2024-10-26T12:34:26 IST" name="setData" finished-at="2024-10-26T12:34:26 IST" duration-ms="1" status="PASS">
          <reporter-output>
          </reporter-output>
        </test-method> <!-- setData -->
        <test-method is-config="true" signature="setUpClass(org.testng.ITestContext)[pri:0, instance:testcases.TC_002_CreateLeadPage@5e2c3d18]" started-at="2024-10-26T12:34:26 IST" name="setUpClass" finished-at="2024-10-26T12:34:26 IST" duration-ms="191" status="PASS">
          <params>
            <param index="0">
              <value>
                <![CDATA[org.testng.TestRunner@3f048c86]]>
              </value>
            </param>
          </params>
          <reporter-output>
          </reporter-output>
        </test-method> <!-- setUpClass -->
        <test-method is-config="true" signature="setReport()[pri:0, instance:testcases.TC_002_CreateLeadPage@5e2c3d18]" started-at="2024-10-26T12:34:26 IST" name="setReport" finished-at="2024-10-26T12:34:26 IST" duration-ms="3" status="PASS">
          <reporter-output>
          </reporter-output>
        </test-method> <!-- setReport -->
        <test-method is-config="true" signature="preCondition()[pri:0, instance:testcases.TC_002_CreateLeadPage@5e2c3d18]" started-at="2024-10-26T12:34:27 IST" name="preCondition" finished-at="2024-10-26T12:34:43 IST" duration-ms="15473" status="PASS">
          <reporter-output>
          </reporter-output>
        </test-method> <!-- preCondition -->
        <test-method signature="runCreateLeadPage(java.lang.String,java.lang.String,java.lang.String)[pri:0, instance:testcases.TC_002_CreateLeadPage@5e2c3d18]" started-at="2024-10-26T12:34:43 IST" name="runCreateLeadPage" data-provider="data" finished-at="2024-10-26T12:34:58 IST" duration-ms="15047" status="PASS">
          <params>
            <param index="0">
              <value>
                <![CDATA[Amazon]]>
              </value>
            </param>
            <param index="1">
              <value>
                <![CDATA[John]]>
              </value>
            </param>
            <param index="2">
              <value>
                <![CDATA[Joseph]]>
              </value>
            </param>
          </params>
          <reporter-output>
          </reporter-output>
        </test-method> <!-- runCreateLeadPage -->
        <test-method is-config="true" signature="postCondition()[pri:0, instance:testcases.TC_002_CreateLeadPage@5e2c3d18]" started-at="2024-10-26T12:34:58 IST" name="postCondition" finished-at="2024-10-26T12:34:58 IST" duration-ms="300" status="PASS">
          <reporter-output>
          </reporter-output>
        </test-method> <!-- postCondition -->
        <test-method is-config="true" signature="preCondition()[pri:0, instance:testcases.TC_002_CreateLeadPage@5e2c3d18]" started-at="2024-10-26T12:34:58 IST" name="preCondition" finished-at="2024-10-26T12:35:08 IST" duration-ms="10012" status="PASS">
          <reporter-output>
          </reporter-output>
        </test-method> <!-- preCondition -->
        <test-method signature="runCreateLeadPage(java.lang.String,java.lang.String,java.lang.String)[pri:0, instance:testcases.TC_002_CreateLeadPage@5e2c3d18]" started-at="2024-10-26T12:35:08 IST" name="runCreateLeadPage" data-provider="data" finished-at="2024-10-26T12:35:25 IST" duration-ms="16544" status="PASS">
          <params>
            <param index="0">
              <value>
                <![CDATA[Infosys]]>
              </value>
            </param>
            <param index="1">
              <value>
                <![CDATA[Kevin]]>
              </value>
            </param>
            <param index="2">
              <value>
                <![CDATA[Joy]]>
              </value>
            </param>
          </params>
          <reporter-output>
          </reporter-output>
        </test-method> <!-- runCreateLeadPage -->
        <test-method is-config="true" signature="postCondition()[pri:0, instance:testcases.TC_002_CreateLeadPage@5e2c3d18]" started-at="2024-10-26T12:35:25 IST" name="postCondition" finished-at="2024-10-26T12:35:25 IST" duration-ms="491" status="PASS">
          <reporter-output>
          </reporter-output>
        </test-method> <!-- postCondition -->
        <test-method is-config="true" signature="tearDownClass()[pri:0, instance:testcases.TC_002_CreateLeadPage@5e2c3d18]" started-at="2024-10-26T12:35:25 IST" name="tearDownClass" finished-at="2024-10-26T12:35:25 IST" duration-ms="37" status="PASS">
          <reporter-output>
          </reporter-output>
        </test-method> <!-- tearDownClass -->
        <test-method is-config="true" signature="endReport()[pri:0, instance:testcases.TC_002_CreateLeadPage@5e2c3d18]" started-at="2024-10-26T12:35:25 IST" name="endReport" finished-at="2024-10-26T12:35:26 IST" duration-ms="693" status="PASS">
          <reporter-output>
          </reporter-output>
        </test-method> <!-- endReport -->
      </class> <!-- testcases.TC_002_CreateLeadPage -->
    </test> <!-- Default test -->
  </suite> <!-- Default suite -->
</testng-results>
